<?xml version="1.0" encoding="UTF-8"?>
<testsuite name="SimpleBankSystemTest" tests="1" skipped="0" failures="0" errors="0" timestamp="2021-08-17T18:49:54" hostname="HOME-PC" time="0.956">
  <properties/>
  <testcase name="start" classname="SimpleBankSystemTest" time="0.956"/>
  <system-out><![CDATA[?[1;31m
Start test 1?[0m

1. Create an account
2. Log into account
0. Exit

> 0
?[1;31m
Start test 2?[0m

1. Create an account
2. Log into account
0. Exit

> 0
?[1;31m
Start test 3?[0m

1. Create an account
2. Log into account
0. Exit

> 0
?[1;31m
Start test 4?[0m

1. Create an account
2. Log into account
0. Exit

> 0
?[1;31m
Start test 5?[0m

1. Create an account
2. Log into account
0. Exit

> 1
Your card has been created
Your card number:
4000001000000000
Your card PIN:
6550

1. Create an account
2. Log into account
0. Exit

> 1
Your card has been created
Your card number:
4000002000000008
Your card PIN:
3758

1. Create an account
2. Log into account
0. Exit

> 1
Your card has been created
Your card number:
4000003000000006
Your card PIN:
1801

1. Create an account
2. Log into account
0. Exit

> 1
Your card has been created
Your card number:
4000004000000004
Your card PIN:
2642

1. Create an account
2. Log into account
0. Exit

> 1
Your card has been created
Your card number:
4000005000000001
Your card PIN:
7453

1. Create an account
2. Log into account
0. Exit

> 0
4000001000000000
4000002000000008
4000003000000006
4000004000000004
4000005000000001
?[1;31m
Start test 6?[0m

1. Create an account
2. Log into account
0. Exit

> 1
Your card has been created
Your card number:
4000001000000000
Your card PIN:
7830

1. Create an account
2. Log into account
0. Exit

> 2
Enter your card number:
> 4000001000000000
Enter your PIN:
> 7830
You have successfully logged in!
1. Balance
2. Add income
3. Do transfer
4. Close account
5. Log out
0. Exit
> 0
Bye
?[1;31m
Start test 7?[0m

1. Create an account
2. Log into account
0. Exit

> 1
Your card has been created
Your card number:
4000001000000000
Your card PIN:
3603

1. Create an account
2. Log into account
0. Exit

> 2
Enter your card number:
> 4000001000000000
Enter your PIN:
> 8274
Wrong card number or PIN!

1. Create an account
2. Log into account
0. Exit

> 0
?[1;31m
Start test 8?[0m

1. Create an account
2. Log into account
0. Exit

> 1
Your card has been created
Your card number:
4000001000000000
Your card PIN:
5752

1. Create an account
2. Log into account
0. Exit

> 2
Enter your card number:
> 400000544891847
Enter your PIN:
> 5752
Wrong card number or PIN!

1. Create an account
2. Log into account
0. Exit

> 0
?[1;31m
Start test 9?[0m

1. Create an account
2. Log into account
0. Exit

> 1
Your card has been created
Your card number:
4000001000000000
Your card PIN:
6755

1. Create an account
2. Log into account
0. Exit

> 2
Enter your card number:
> 4000001000000000
Enter your PIN:
> 6755
You have successfully logged in!
1. Balance
2. Add income
3. Do transfer
4. Close account
5. Log out
0. Exit
> 1
Balance: 0
1. Balance
2. Add income
3. Do transfer
4. Close account
5. Log out
0. Exit
> 0
Bye
?[1;31m
Start test 10?[0m

1. Create an account
2. Log into account
0. Exit

> 1
Your card has been created
Your card number:
4000001000000000
Your card PIN:
4863

1. Create an account
2. Log into account
0. Exit

> 2
Enter your card number:
> 4000001000000000
Enter your PIN:
> 4863
You have successfully logged in!
1. Balance
2. Add income
3. Do transfer
4. Close account
5. Log out
0. Exit
> 2
Enter income:
> 10000
Income was added!
1. Balance
2. Add income
3. Do transfer
4. Close account
5. Log out
0. Exit
> 0
Bye

1. Create an account
2. Log into account
0. Exit

> 2
Enter your card number:
> 4000001000000000
Enter your PIN:
> 4863
You have successfully logged in!
1. Balance
2. Add income
3. Do transfer
4. Close account
5. Log out
0. Exit
> 2
Enter income:
> 15000
Income was added!
1. Balance
2. Add income
3. Do transfer
4. Close account
5. Log out
0. Exit
> 0
Bye
?[1;31m
Start test 11?[0m

1. Create an account
2. Log into account
0. Exit

> 1
Your card has been created
Your card number:
4000001000000000
Your card PIN:
4245

1. Create an account
2. Log into account
0. Exit

> 1
Your card has been created
Your card number:
4000002000000008
Your card PIN:
7101

1. Create an account
2. Log into account
0. Exit

> 2
Enter your card number:
> 4000002000000008
Enter your PIN:
> 7101
You have successfully logged in!
1. Balance
2. Add income
3. Do transfer
4. Close account
5. Log out
0. Exit
> 3
Transfer
Enter card number:
> 2000007269641764
Probably you made a mistake in the card number. Please try again!
Success!
1. Balance
2. Add income
3. Do transfer
4. Close account
5. Log out
0. Exit
> 3
Transfer
Enter card number:
> 2000007269641768
Such a card does not exist
Success!
1. Balance
2. Add income
3. Do transfer
4. Close account
5. Log out
0. Exit
> 3
Transfer
Enter card number:
> 4000001000000000
Enter how much money you want to transfer:
> 100000
Not enough money!
1. Balance
2. Add income
3. Do transfer
4. Close account
5. Log out
0. Exit
> 2
Enter income:
> 20000
Income was added!
1. Balance
2. Add income
3. Do transfer
4. Close account
5. Log out
0. Exit
> 3
Transfer
Enter card number:
> 4000001000000000
Enter how much money you want to transfer:
> 10000
Success!
1. Balance
2. Add income
3. Do transfer
4. Close account
5. Log out
0. Exit
> 0
Bye
?[1;31m
Start test 12?[0m

1. Create an account
2. Log into account
0. Exit

> 1
Your card has been created
Your card number:
4000001000000000
Your card PIN:
2063

1. Create an account
2. Log into account
0. Exit

> 2
Enter your card number:
> 4000001000000000
Enter your PIN:
> 2063
You have successfully logged in!
1. Balance
2. Add income
3. Do transfer
4. Close account
5. Log out
0. Exit
> 4
The account has been closed!

1. Create an account
2. Log into account
0. Exit

> 0
]]></system-out>
  <system-err><![CDATA[]]></system-err>
</testsuite>
